[ INFO ] [2018-12-26 16:16:36] [ LOGID: ] [org.springframework.boot.StartupInfoLogger.logStarting(StartupInfoLogger.java:50)] Starting DemoApplication on Chiangte with PID 9264 (D:\WorkSpace\Spring-workspace\Spring-FamilyMeals\SpringBoot-FamilyMeals\springboot-gradle\out\production\classes started by Ambition in D:\WorkSpace\Spring-workspace\Spring-FamilyMeals)
[ INFO ] [2018-12-26 16:16:36] [ LOGID: ] [org.springframework.boot.SpringApplication.logStartupProfileInfo(SpringApplication.java:659)] No active profile set, falling back to default profiles: default
[ INFO ] [2018-12-26 16:16:36] [ LOGID: ] [org.springframework.context.support.AbstractApplicationContext.prepareRefresh(AbstractApplicationContext.java:590)] Refreshing org.springframework.boot.web.servlet.context.AnnotationConfigServletWebServerApplicationContext@1a18644: startup date [Wed Dec 26 16:16:36 CST 2018]; root of context hierarchy
[ INFO ] [2018-12-26 16:16:37] [ LOGID: ] [org.springframework.boot.web.embedded.tomcat.TomcatWebServer.initialize(TomcatWebServer.java:91)] Tomcat initialized with port(s): 8080 (http)
[ INFO ] [2018-12-26 16:16:37] [ LOGID: ] [org.apache.juli.logging.DirectJDKLog.log(DirectJDKLog.java:180)] Initializing ProtocolHandler ["http-nio-8080"]
[ INFO ] [2018-12-26 16:16:37] [ LOGID: ] [org.apache.juli.logging.DirectJDKLog.log(DirectJDKLog.java:180)] Starting service [Tomcat]
[ INFO ] [2018-12-26 16:16:37] [ LOGID: ] [org.apache.juli.logging.DirectJDKLog.log(DirectJDKLog.java:180)] Starting Servlet Engine: Apache Tomcat/8.5.29
[ INFO ] [2018-12-26 16:16:37] [ LOGID: ] [org.apache.juli.logging.DirectJDKLog.log(DirectJDKLog.java:180)] The APR based Apache Tomcat Native library which allows optimal performance in production environments was not found on the java.library.path: [D:\Application\JAVA\jdk1.8.0_172\bin;C:\Windows\Sun\Java\bin;C:\Windows\system32;C:\Windows;C:\Program Files (x86)\Common Files\Oracle\Java\javapath;C:\Program Files (x86)\Intel\Intel(R) Management Engine Components\iCLS\;C:\Program Files\Intel\Intel(R) Management Engine Components\iCLS\;C:\Windows\system32;C:\Windows;C:\Windows\System32\Wbem;C:\Windows\System32\WindowsPowerShell\v1.0\;C:\Windows\System32\OpenSSH\;C:\Program Files (x86)\Intel\Intel(R) Management Engine Components\DAL;C:\Program Files\Intel\Intel(R) Management Engine Components\DAL;C:\Program Files (x86)\Intel\Intel(R) Management Engine Components\IPT;C:\Program Files\Intel\Intel(R) Management Engine Components\IPT;C:\Program Files (x86)\NVIDIA Corporation\PhysX\Common;D:\Application\JAVA\jdk1.8.0_172\bin;D:\Application\JAVA\jdk1.8.0_172\jre\bin;D:\Long\Shortcut;D:\Application\Other\MySQL\mysql-5.7.20-winx64\mysql-5.7.20-winx64\bin;D:\Application\Other\crul\GnuWin32\bin;D:\Application\Other\crul\curl-7.61.0-win64-mingw\bin;D:\Application\Git_2.19.1\cmd;D:\Application\TortoiseGit 2.7.0.0\bin;D:\Application\Gradle\gradle-5.0-rc-1-bin\gradle-5.0-rc-1\bin;D:\Application\Apache\apache-maven-3.6.0-bin\bin;C:\Program Files\Intel\WiFi\bin\;C:\Program Files\Common Files\Intel\WirelessCommon\;D:\Application\Middleware\nodejs\;C:\Users\l1037\AppData\Local\Microsoft\WindowsApps;D:\Application\Other\Inpaint7\;C:\Users\l1037\AppData\Roaming\npm;.]
[ INFO ] [2018-12-26 16:16:37] [ LOGID: ] [org.apache.juli.logging.DirectJDKLog.log(DirectJDKLog.java:180)] Initializing Spring embedded WebApplicationContext
[ INFO ] [2018-12-26 16:16:37] [ LOGID: ] [org.springframework.boot.web.servlet.context.ServletWebServerApplicationContext.prepareWebApplicationContext(ServletWebServerApplicationContext.java:285)] Root WebApplicationContext: initialization completed in 1348 ms
[ INFO ] [2018-12-26 16:16:38] [ LOGID: ] [org.springframework.boot.web.servlet.ServletRegistrationBean.addRegistration(ServletRegistrationBean.java:185)] Servlet dispatcherServlet mapped to [/]
[ INFO ] [2018-12-26 16:16:38] [ LOGID: ] [org.springframework.boot.web.servlet.AbstractFilterRegistrationBean.configure(AbstractFilterRegistrationBean.java:244)] Mapping filter: 'characterEncodingFilter' to: [/*]
[ INFO ] [2018-12-26 16:16:38] [ LOGID: ] [org.springframework.boot.web.servlet.AbstractFilterRegistrationBean.configure(AbstractFilterRegistrationBean.java:244)] Mapping filter: 'hiddenHttpMethodFilter' to: [/*]
[ INFO ] [2018-12-26 16:16:38] [ LOGID: ] [org.springframework.boot.web.servlet.AbstractFilterRegistrationBean.configure(AbstractFilterRegistrationBean.java:244)] Mapping filter: 'httpPutFormContentFilter' to: [/*]
[ INFO ] [2018-12-26 16:16:38] [ LOGID: ] [org.springframework.boot.web.servlet.AbstractFilterRegistrationBean.configure(AbstractFilterRegistrationBean.java:244)] Mapping filter: 'requestContextFilter' to: [/*]
[ INFO ] [2018-12-26 16:16:38] [ LOGID: ] [org.springframework.web.servlet.handler.AbstractUrlHandlerMapping.registerHandler(AbstractUrlHandlerMapping.java:373)] Mapped URL path [/**/favicon.ico] onto handler of type [class org.springframework.web.servlet.resource.ResourceHttpRequestHandler]
[ INFO ] [2018-12-26 16:16:39] [ LOGID: ] [org.springframework.web.servlet.mvc.method.annotation.RequestMappingHandlerAdapter.initControllerAdviceCache(RequestMappingHandlerAdapter.java:574)] Looking for @ControllerAdvice: org.springframework.boot.web.servlet.context.AnnotationConfigServletWebServerApplicationContext@1a18644: startup date [Wed Dec 26 16:16:36 CST 2018]; root of context hierarchy
[ INFO ] [2018-12-26 16:16:39] [ LOGID: ] [org.springframework.web.servlet.handler.AbstractHandlerMethodMapping$MappingRegistry.register(AbstractHandlerMethodMapping.java:547)] Mapped "{[/area/query],methods=[GET]}" onto public com.example.beans.PageResultBean<java.util.List<com.example.entity.Area>> com.example.controller.AreaController.arealist(java.lang.Integer,java.lang.Integer)
[ INFO ] [2018-12-26 16:16:39] [ LOGID: ] [org.springframework.web.servlet.handler.AbstractHandlerMethodMapping$MappingRegistry.register(AbstractHandlerMethodMapping.java:547)] Mapped "{[/hello],methods=[GET]}" onto public java.lang.String com.example.controller.TestController.hello() throws java.lang.InterruptedException
[ INFO ] [2018-12-26 16:16:39] [ LOGID: ] [org.springframework.web.servlet.handler.AbstractHandlerMethodMapping$MappingRegistry.register(AbstractHandlerMethodMapping.java:547)] Mapped "{[/user/api],methods=[GET]}" onto public com.example.beans.PageResultBean<java.util.List<com.example.entity.User>> com.example.controller.UserControllerAPI.getUserAll(com.example.beans.PageResultBean)
[ INFO ] [2018-12-26 16:16:39] [ LOGID: ] [org.springframework.web.servlet.handler.AbstractHandlerMethodMapping$MappingRegistry.register(AbstractHandlerMethodMapping.java:547)] Mapped "{[/user/api/{id}],methods=[DELETE]}" onto public com.example.beans.ResultBean<java.lang.String> com.example.controller.UserControllerAPI.deletePrimaryKey(java.lang.Integer)
[ INFO ] [2018-12-26 16:16:39] [ LOGID: ] [org.springframework.web.servlet.handler.AbstractHandlerMethodMapping$MappingRegistry.register(AbstractHandlerMethodMapping.java:547)] Mapped "{[/user/api],methods=[POST]}" onto public com.example.beans.ResultBean<java.lang.Integer> com.example.controller.UserControllerAPI.createPrimaryKey(com.example.entity.User)
[ INFO ] [2018-12-26 16:16:39] [ LOGID: ] [org.springframework.web.servlet.handler.AbstractHandlerMethodMapping$MappingRegistry.register(AbstractHandlerMethodMapping.java:547)] Mapped "{[/user/api/{id}],methods=[GET]}" onto public com.example.beans.ResultBean<com.example.entity.User> com.example.controller.UserControllerAPI.getUserByPrimaryKey(java.lang.Integer)
[ INFO ] [2018-12-26 16:16:39] [ LOGID: ] [org.springframework.web.servlet.handler.AbstractHandlerMethodMapping$MappingRegistry.register(AbstractHandlerMethodMapping.java:547)] Mapped "{[/user/api/{id}],methods=[PUT]}" onto public com.example.beans.ResultBean<java.lang.Integer> com.example.controller.UserControllerAPI.updateUserByPrimaryKey(java.lang.Integer,com.example.entity.User)
[ INFO ] [2018-12-26 16:16:39] [ LOGID: ] [org.springframework.web.servlet.handler.AbstractHandlerMethodMapping$MappingRegistry.register(AbstractHandlerMethodMapping.java:547)] Mapped "{[/error]}" onto public org.springframework.http.ResponseEntity<java.util.Map<java.lang.String, java.lang.Object>> org.springframework.boot.autoconfigure.web.servlet.error.BasicErrorController.error(javax.servlet.http.HttpServletRequest)
[ INFO ] [2018-12-26 16:16:39] [ LOGID: ] [org.springframework.web.servlet.handler.AbstractHandlerMethodMapping$MappingRegistry.register(AbstractHandlerMethodMapping.java:547)] Mapped "{[/error],produces=[text/html]}" onto public org.springframework.web.servlet.ModelAndView org.springframework.boot.autoconfigure.web.servlet.error.BasicErrorController.errorHtml(javax.servlet.http.HttpServletRequest,javax.servlet.http.HttpServletResponse)
[ INFO ] [2018-12-26 16:16:39] [ LOGID: ] [org.springframework.web.servlet.handler.AbstractUrlHandlerMapping.registerHandler(AbstractUrlHandlerMapping.java:373)] Mapped URL path [/webjars/**] onto handler of type [class org.springframework.web.servlet.resource.ResourceHttpRequestHandler]
[ INFO ] [2018-12-26 16:16:39] [ LOGID: ] [org.springframework.web.servlet.handler.AbstractUrlHandlerMapping.registerHandler(AbstractUrlHandlerMapping.java:373)] Mapped URL path [/**] onto handler of type [class org.springframework.web.servlet.resource.ResourceHttpRequestHandler]
[ INFO ] [2018-12-26 16:16:39] [ LOGID: ] [org.springframework.boot.autoconfigure.web.servlet.WelcomePageHandlerMapping.<init>(WelcomePageHandlerMapping.java:56)] Adding welcome page: class path resource [templates/index.html]
[ INFO ] [2018-12-26 16:16:39] [ LOGID: ] [org.springframework.jmx.export.MBeanExporter.afterSingletonsInstantiated(MBeanExporter.java:433)] Registering beans for JMX exposure on startup
[ INFO ] [2018-12-26 16:16:39] [ LOGID: ] [org.springframework.jmx.export.MBeanExporter.autodetect(MBeanExporter.java:895)] Bean with name 'dataSource' has been autodetected for JMX exposure
[ INFO ] [2018-12-26 16:16:39] [ LOGID: ] [org.springframework.jmx.export.MBeanExporter.registerBeanInstance(MBeanExporter.java:668)] Located MBean 'dataSource': registering with JMX server as MBean [com.alibaba.druid.pool:name=dataSource,type=DruidDataSource]
[ INFO ] [2018-12-26 16:16:39] [ LOGID: ] [org.apache.juli.logging.DirectJDKLog.log(DirectJDKLog.java:180)] Starting ProtocolHandler ["http-nio-8080"]
[ INFO ] [2018-12-26 16:16:39] [ LOGID: ] [org.apache.juli.logging.DirectJDKLog.log(DirectJDKLog.java:180)] Using a shared selector for servlet write/read
[ INFO ] [2018-12-26 16:16:39] [ LOGID: ] [org.springframework.boot.web.embedded.tomcat.TomcatWebServer.start(TomcatWebServer.java:206)] Tomcat started on port(s): 8080 (http) with context path ''
[ INFO ] [2018-12-26 16:16:39] [ LOGID: ] [org.springframework.boot.StartupInfoLogger.logStarted(StartupInfoLogger.java:59)] Started DemoApplication in 3.343 seconds (JVM running for 6.087)
[ INFO ] [2018-12-26 16:17:08] [ LOGID: ] [org.apache.juli.logging.DirectJDKLog.log(DirectJDKLog.java:180)] Initializing Spring FrameworkServlet 'dispatcherServlet'
[ INFO ] [2018-12-26 16:17:08] [ LOGID: ] [org.springframework.web.servlet.FrameworkServlet.initServletBean(FrameworkServlet.java:494)] FrameworkServlet 'dispatcherServlet': initialization started
[ INFO ] [2018-12-26 16:17:08] [ LOGID: ] [org.springframework.web.servlet.FrameworkServlet.initServletBean(FrameworkServlet.java:509)] FrameworkServlet 'dispatcherServlet': initialization completed in 42 ms
